TN:
SF:src\lib\block.ts
FN:20,Block
FN:30,getHash
FN:38,isValid
FNF:3
FNH:3
FNDA:18,Block
FNDA:29,getHash
FNDA:12,isValid
DA:1,1
DA:2,1
DA:3,1
DA:4,1
DA:5,1
DA:6,1
DA:7,1
DA:8,1
DA:9,1
DA:10,1
DA:11,1
DA:12,1
DA:13,1
DA:14,1
DA:15,1
DA:16,1
DA:17,1
DA:18,1
DA:19,1
DA:20,1
DA:21,18
DA:22,18
DA:23,18
DA:24,18
DA:25,18
DA:26,18
DA:27,18
DA:28,18
DA:29,1
DA:30,1
DA:31,29
DA:32,29
DA:33,1
DA:34,1
DA:35,1
DA:36,1
DA:37,1
DA:38,1
DA:39,12
DA:40,12
DA:41,12
DA:42,12
DA:43,12
DA:44,5
DA:45,5
DA:46,5
DA:47,1
DA:48,1
LF:48
LH:48
BRDA:20,0,0,18
BRDA:30,1,0,29
BRDA:38,2,0,12
BRDA:39,3,0,2
BRDA:40,4,0,10
BRDA:40,5,0,2
BRDA:41,6,0,8
BRDA:41,7,0,1
BRDA:42,8,0,7
BRDA:42,9,0,1
BRDA:43,10,0,6
BRDA:43,11,0,7
BRDA:43,12,0,1
BRDA:44,13,0,5
BRF:14
BRH:14
end_of_record
TN:
SF:src\lib\blockchain.ts
FN:27,Blockchain
FN:32,getLastBlock
FN:35,addBlock
FN:47,getBlock
FN:50,isValid
FNF:5
FNH:5
FNDA:7,Blockchain
FNDA:4,getLastBlock
FNDA:4,addBlock
FNDA:1,getBlock
FNDA:3,isValid
DA:1,1
DA:2,1
DA:3,1
DA:4,1
DA:5,1
DA:6,1
DA:7,1
DA:8,1
DA:9,1
DA:10,1
DA:11,1
DA:12,1
DA:13,1
DA:14,1
DA:15,1
DA:16,1
DA:17,1
DA:18,1
DA:19,1
DA:20,1
DA:21,1
DA:22,1
DA:23,1
DA:24,1
DA:25,1
DA:26,1
DA:27,1
DA:28,7
DA:29,7
DA:30,7
DA:31,1
DA:32,1
DA:33,4
DA:34,4
DA:35,1
DA:36,4
DA:37,4
DA:38,4
DA:39,4
DA:40,4
DA:41,3
DA:42,3
DA:43,3
DA:44,3
DA:45,3
DA:46,1
DA:47,1
DA:48,1
DA:49,1
DA:50,1
DA:51,3
DA:52,2
DA:53,2
DA:54,2
DA:55,2
DA:56,2
DA:57,2
DA:58,2
DA:59,1
DA:60,1
DA:61,1
LF:61
LH:61
BRDA:27,0,0,7
BRDA:32,1,0,4
BRDA:35,2,0,4
BRDA:40,3,0,1
BRDA:41,4,0,3
BRDA:47,5,0,1
BRDA:48,6,0,1
BRDA:50,7,0,3
BRDA:51,8,0,2
BRDA:55,9,0,1
BRF:10
BRH:10
end_of_record
TN:
SF:src\lib\validation.ts
FN:13,Validation
FNF:1
FNH:1
FNDA:19,Validation
DA:1,1
DA:2,1
DA:3,1
DA:4,1
DA:5,1
DA:6,1
DA:7,1
DA:8,1
DA:9,1
DA:10,1
DA:11,1
DA:12,1
DA:13,1
DA:14,19
DA:15,19
DA:16,19
DA:17,1
LF:17
LH:17
BRDA:13,0,0,19
BRF:1
BRH:1
end_of_record
