TN:
SF:src\lib\block.ts
FN:18,Block
FN:28,getHash
FN:36,isValid
FNF:3
FNH:3
FNDA:8,Block
FNDA:14,getHash
FNDA:7,isValid
DA:1,1
DA:2,1
DA:3,1
DA:4,1
DA:5,1
DA:6,1
DA:7,1
DA:8,1
DA:9,1
DA:10,1
DA:11,1
DA:12,1
DA:13,1
DA:14,1
DA:15,1
DA:16,1
DA:17,1
DA:18,1
DA:19,8
DA:20,8
DA:21,8
DA:22,8
DA:23,8
DA:24,8
DA:25,8
DA:26,8
DA:27,1
DA:28,1
DA:29,14
DA:30,14
DA:31,1
DA:32,1
DA:33,1
DA:34,1
DA:35,1
DA:36,1
DA:37,7
DA:38,7
DA:39,7
DA:40,7
DA:41,7
DA:42,1
DA:43,1
DA:44,1
DA:45,1
DA:46,1
LF:46
LH:46
BRDA:18,0,0,8
BRDA:19,1,0,1
BRDA:19,2,0,7
BRDA:19,3,0,2
BRDA:20,4,0,1
BRDA:20,5,0,7
BRDA:21,6,0,1
BRDA:21,7,0,7
BRDA:21,8,0,2
BRDA:22,9,0,1
BRDA:22,10,0,7
BRDA:22,11,0,2
BRDA:23,12,0,1
BRDA:23,13,0,7
BRDA:28,14,0,14
BRDA:36,15,0,7
BRDA:37,16,0,2
BRDA:38,17,0,5
BRDA:38,18,0,1
BRDA:39,19,0,4
BRDA:39,20,0,1
BRDA:40,21,0,3
BRDA:40,22,0,1
BRDA:41,23,0,2
BRDA:41,24,0,1
BRF:25
BRH:25
end_of_record
TN:
SF:src\lib\blockchain.ts
FN:27,Blockchain
FN:36,getLastBlock
FN:39,addBlock
FN:51,getBlock
FN:54,isValid
FNF:5
FNH:5
FNDA:7,Blockchain
FNDA:4,getLastBlock
FNDA:4,addBlock
FNDA:1,getBlock
FNDA:3,isValid
DA:1,1
DA:2,1
DA:3,1
DA:4,1
DA:5,1
DA:6,1
DA:7,1
DA:8,1
DA:9,1
DA:10,1
DA:11,1
DA:12,1
DA:13,1
DA:14,1
DA:15,1
DA:16,1
DA:17,1
DA:18,1
DA:19,1
DA:20,1
DA:21,1
DA:22,1
DA:23,1
DA:24,1
DA:25,1
DA:26,1
DA:27,1
DA:28,7
DA:29,7
DA:30,7
DA:31,7
DA:32,7
DA:33,7
DA:34,7
DA:35,1
DA:36,1
DA:37,4
DA:38,4
DA:39,1
DA:40,4
DA:41,4
DA:42,4
DA:43,4
DA:44,4
DA:45,3
DA:46,3
DA:47,3
DA:48,3
DA:49,3
DA:50,1
DA:51,1
DA:52,1
DA:53,1
DA:54,1
DA:55,3
DA:56,2
DA:57,2
DA:58,2
DA:59,2
DA:60,2
DA:61,2
DA:62,2
DA:63,1
DA:64,1
DA:65,1
LF:65
LH:65
BRDA:27,0,0,7
BRDA:36,1,0,4
BRDA:39,2,0,4
BRDA:44,3,0,1
BRDA:45,4,0,3
BRDA:51,5,0,1
BRDA:52,6,0,1
BRDA:54,7,0,3
BRDA:55,8,0,2
BRDA:59,9,0,1
BRF:10
BRH:10
end_of_record
TN:
SF:src\lib\validation.ts
FN:13,Validation
FNF:1
FNH:1
FNDA:20,Validation
DA:1,1
DA:2,1
DA:3,1
DA:4,1
DA:5,1
DA:6,1
DA:7,1
DA:8,1
DA:9,1
DA:10,1
DA:11,1
DA:12,1
DA:13,1
DA:14,20
DA:15,20
DA:16,20
DA:17,1
LF:17
LH:17
BRDA:13,0,0,20
BRF:1
BRH:1
end_of_record
